build/app/intermediates/manifest_merge_blame_file/release/manifest-merger-blame-release-report.txt
1<?xml version="1.0" encoding="utf-8"?>
2<manifest xmlns:android="http://schemas.android.com/apk/res/android"
3    package="com.example.doctor_app"
4    android:versionCode="1"
5    android:versionName="1.0.0" >
6
7    <uses-sdk
8        android:minSdkVersion="24"
8-->src\main\AndroidManifest.xml
9        android:targetSdkVersion="33" />
9-->src\main\AndroidManifest.xml
10
11    <uses-permission android:name="android.permission.ACCESS_FINE_LOCATION" />
11-->src\main\AndroidManifest.xml:3:5-79
11-->src\main\AndroidManifest.xml:3:22-76
12    <uses-permission android:name="android.permission.ACCESS_COARSE_LOCATION" />
12-->src\main\AndroidManifest.xml:4:5-81
12-->src\main\AndroidManifest.xml:4:22-78
13    <uses-permission android:name="android.permission.INTERNET" />
13-->src\main\AndroidManifest.xml:5:5-66
13-->src\main\AndroidManifest.xml:5:22-64
14    <uses-permission android:name="android.permission.READ_EXTERNAL_STORAGE" />
14-->src\main\AndroidManifest.xml:6:5-80
14-->src\main\AndroidManifest.xml:6:22-77
15    <uses-permission android:name="android.permission.WRITE_EXTERNAL_STORAGE" />
15-->src\main\AndroidManifest.xml:7:5-81
15-->src\main\AndroidManifest.xml:7:22-78
16.
17    <uses-permission android:name="android.permission.READ_MEDIA_IMAGES" />
17-->src\main\AndroidManifest.xml:8:5-76
17-->src\main\AndroidManifest.xml:8:22-73
18    <uses-permission android:name="android.permission.READ_MEDIA_VIDEO" />
18-->src\main\AndroidManifest.xml:9:5-75
18-->src\main\AndroidManifest.xml:9:22-72
19    <uses-permission android:name="android.permission.READ_MEDIA_AUDIO" />
19-->src\main\AndroidManifest.xml:10:5-75
19-->src\main\AndroidManifest.xml:10:22-72
20    <uses-permission android:name="android.permission.WAKE_LOCK" />
20-->src\main\AndroidManifest.xml:11:5-68
20-->src\main\AndroidManifest.xml:11:22-65
21.
22    <uses-permission android:name="android.permission.READ_PHONE_STATE" />
22-->src\main\AndroidManifest.xml:12:5-74
22-->src\main\AndroidManifest.xml:12:22-72
23    <uses-permission android:name="android.permission.RECORD_AUDIO" />
23-->src\main\AndroidManifest.xml:13:5-70
23-->src\main\AndroidManifest.xml:13:22-68
24    <uses-permission android:name="android.permission.CAMERA" />
24-->src\main\AndroidManifest.xml:14:5-64
24-->src\main\AndroidManifest.xml:14:22-62
25    <uses-permission android:name="android.permission.MODIFY_AUDIO_SETTINGS" />
25-->src\main\AndroidManifest.xml:15:5-79
25-->src\main\AndroidManifest.xml:15:22-77
26    <uses-permission android:name="android.permission.ACCESS_NETWORK_STATE" />
26-->src\main\AndroidManifest.xml:16:5-78
26-->src\main\AndroidManifest.xml:16:22-76
27    <uses-permission android:name="android.permission.BLUETOOTH" />
27-->src\main\AndroidManifest.xml:17:5-67
27-->src\main\AndroidManifest.xml:17:22-65
28
29    <queries>
29-->[:file_picker] AndroidManifest.xml:11:5-17:15
30        <intent>
30-->[:file_picker] AndroidManifest.xml:12:9-16:18
31            <action android:name="android.intent.action.GET_CONTENT" />
31-->[:file_picker] AndroidManifest.xml:13:13-72
31-->[:file_picker] AndroidManifest.xml:13:21-69
32
33            <data android:mimeType="*/*" />
33-->[:file_picker] AndroidManifest.xml:15:13-44
33-->[:file_picker] AndroidManifest.xml:15:19-41
34        </intent>
35        <intent>
35-->[:flutter_inappwebview] AndroidManifest.xml:10:9-12:18
36            <action android:name="android.support.customtabs.action.CustomTabsService" />
36-->[:flutter_inappwebview] AndroidManifest.xml:11:13-90
36-->[:flutter_inappwebview] AndroidManifest.xml:11:21-87
37        </intent> <!-- Added to check if Chrome is installed for browser-based payment authentication (e.g. 3DS1). -->
38        <package android:name="com.android.chrome" /> <!-- Added to check the default browser that will host the AuthFlow. -->
38-->[com.stripe:payments-core:20.16.2] AndroidManifest.xml:13:9-54
38-->[com.stripe:payments-core:20.16.2] AndroidManifest.xml:13:18-51
39        <intent>
39-->[com.stripe:financial-connections:20.16.2] AndroidManifest.xml:15:9-19:18
40            <action android:name="android.intent.action.VIEW" />
40-->[com.stripe:payments-core:20.16.2] AndroidManifest.xml:54:17-69
40-->[com.stripe:payments-core:20.16.2] AndroidManifest.xml:54:25-66
41
42            <data android:scheme="http" />
42-->[:file_picker] AndroidManifest.xml:15:13-44
43        </intent> <!-- Needs to be explicitly declared on Android R+ -->
44        <package android:name="com.google.android.apps.maps" />
44-->[com.google.android.gms:play-services-maps:18.0.2] AndroidManifest.xml:33:9-64
44-->[com.google.android.gms:play-services-maps:18.0.2] AndroidManifest.xml:33:18-61
45    </queries>
46
47    <uses-permission android:name="android.permission.ACCESS_WIFI_STATE" />
47-->[:agora_rtc_engine] AndroidManifest.xml:17:5-76
47-->[:agora_rtc_engine] AndroidManifest.xml:17:22-73
48    <uses-permission android:name="android.permission.READ_PRIVILEGED_PHONE_STATE" />
48-->[:agora_rtc_engine] AndroidManifest.xml:19:5-21:47
48-->[:agora_rtc_engine] AndroidManifest.xml:20:9-70
49    <uses-permission android:name="com.google.android.gms.permission.AD_ID" />
49-->[com.google.android.gms:play-services-measurement-api:21.2.0] AndroidManifest.xml:25:5-79
49-->[com.google.android.gms:play-services-measurement-api:21.2.0] AndroidManifest.xml:25:22-76
50    <uses-permission android:name="com.google.android.finsky.permission.BIND_GET_INSTALL_REFERRER_SERVICE" />
50-->[com.google.android.gms:play-services-measurement:21.2.0] AndroidManifest.xml:26:5-110
50-->[com.google.android.gms:play-services-measurement:21.2.0] AndroidManifest.xml:26:22-107
51
52    <uses-feature
52-->[com.google.android.gms:play-services-maps:18.0.2] AndroidManifest.xml:26:5-28:35
53        android:glEsVersion="0x00020000"
53-->[com.google.android.gms:play-services-maps:18.0.2] AndroidManifest.xml:27:9-41
54        android:required="true" />
54-->[com.google.android.gms:play-services-maps:18.0.2] AndroidManifest.xml:28:9-32
55
56    <permission
56-->[androidx.core:core:1.9.0] AndroidManifest.xml:22:5-24:47
57        android:name="com.example.doctor_app.DYNAMIC_RECEIVER_NOT_EXPORTED_PERMISSION"
57-->[androidx.core:core:1.9.0] AndroidManifest.xml:23:9-81
58        android:protectionLevel="signature" />
58-->[androidx.core:core:1.9.0] AndroidManifest.xml:24:9-44
59
60    <uses-permission android:name="com.example.doctor_app.DYNAMIC_RECEIVER_NOT_EXPORTED_PERMISSION" />
60-->[androidx.core:core:1.9.0] AndroidManifest.xml:26:5-97
60-->[androidx.core:core:1.9.0] AndroidManifest.xml:26:22-94
61    <uses-permission android:name="android.permission.FOREGROUND_SERVICE" />
61-->[io.agora.rtc:full-screen-sharing:4.1.0-1] AndroidManifest.xml:7:5-77
61-->[io.agora.rtc:full-screen-sharing:4.1.0-1] AndroidManifest.xml:7:22-74
62
63    <application
63-->src\main\AndroidManifest.xml:19:4-57:19
64        android:appComponentFactory="androidx.core.app.CoreComponentFactory"
64-->[androidx.core:core:1.9.0] AndroidManifest.xml:28:18-86
65        android:extractNativeLibs="false"
66        android:icon="@mipmap/ic_launcher"
66-->src\main\AndroidManifest.xml:21:9-43
67        android:label="doctor_app" >
67-->src\main\AndroidManifest.xml:20:9-35
68        <activity
68-->src\main\AndroidManifest.xml:22:9-51:20
69            android:name="com.example.doctor_app.MainActivity"
69-->src\main\AndroidManifest.xml:23:13-41
70            android:configChanges="orientation|keyboardHidden|keyboard|screenSize|smallestScreenSize|locale|layoutDirection|fontScale|screenLayout|density|uiMode"
70-->src\main\AndroidManifest.xml:27:13-163
71            android:exported="true"
71-->src\main\AndroidManifest.xml:24:13-36
72            android:hardwareAccelerated="true"
72-->src\main\AndroidManifest.xml:28:13-47
73            android:launchMode="singleTop"
73-->src\main\AndroidManifest.xml:25:13-43
74            android:theme="@style/LaunchTheme"
74-->src\main\AndroidManifest.xml:26:13-47
75            android:windowSoftInputMode="adjustResize" >
75-->src\main\AndroidManifest.xml:29:13-55
76
77            <!--
78                 Specifies an Android theme to apply to this Activity as soon as
79                 the Android process has started. This theme is visible to the user
80                 while the Flutter UI initializes. After that, this theme continues
81                 to determine the Window background behind the Flutter UI.
82            -->
83            <meta-data
83-->src\main\AndroidManifest.xml:34:13-37:17
84                android:name="io.flutter.embedding.android.NormalTheme"
84-->src\main\AndroidManifest.xml:35:15-70
85                android:resource="@style/NormalTheme" />
85-->src\main\AndroidManifest.xml:36:15-52
86            <!--
87                 Displays an Android View that continues showing the launch screen
88                 Drawable until Flutter paints its first frame, then this splash
89                 screen fades out. A splash screen is useful to avoid any visual
90                 gap between the end of Android's launch screen and the painting of
91                 Flutter's first frame.
92            -->
93            <meta-data
93-->src\main\AndroidManifest.xml:43:13-46:17
94                android:name="io.flutter.embedding.android.SplashScreenDrawable"
94-->src\main\AndroidManifest.xml:44:15-79
95                android:resource="@drawable/launch_background" />
95-->src\main\AndroidManifest.xml:45:15-61
96
97            <intent-filter>
97-->src\main\AndroidManifest.xml:47:13-50:29
98                <action android:name="android.intent.action.MAIN" />
98-->src\main\AndroidManifest.xml:48:17-68
98-->src\main\AndroidManifest.xml:48:25-66
99
100                <category android:name="android.intent.category.LAUNCHER" />
100-->src\main\AndroidManifest.xml:49:17-76
100-->src\main\AndroidManifest.xml:49:27-74
101            </intent-filter>
102        </activity>
103        <!--
104             Don't delete the meta-data below.
105             This is used by the Flutter tool to generate GeneratedPluginRegistrant.java
106        -->
107        <meta-data
107-->src\main\AndroidManifest.xml:54:9-56:33
108            android:name="flutterEmbedding"
108-->src\main\AndroidManifest.xml:55:13-44
109            android:value="2" />
109-->src\main\AndroidManifest.xml:56:13-30
110
111        <activity
111-->[:flutter_paystack] AndroidManifest.xml:10:9-12:54
112            android:name="co.paystack.flutterpaystack.AuthActivity"
112-->[:flutter_paystack] AndroidManifest.xml:11:13-68
113            android:theme="@style/Paystack.Dialog" />
113-->[:flutter_paystack] AndroidManifest.xml:12:13-51
114
115        <service
115-->[:firebase_database] AndroidManifest.xml:10:9-14:19
116            android:name="com.google.firebase.components.ComponentDiscoveryService"
116-->[:firebase_database] AndroidManifest.xml:10:18-89
117            android:directBootAware="true"
117-->[com.google.firebase:firebase-common:20.3.0] AndroidManifest.xml:34:13-43
118            android:exported="false" >
118-->[com.google.firebase:firebase-auth:21.1.0] AndroidManifest.xml:66:13-37
119            <meta-data
119-->[:firebase_database] AndroidManifest.xml:11:13-13:85
120                android:name="com.google.firebase.components:io.flutter.plugins.firebase.database.FlutterFirebaseAppRegistrar"
120-->[:firebase_database] AndroidManifest.xml:12:17-127
121                android:value="com.google.firebase.components.ComponentRegistrar" />
121-->[:firebase_database] AndroidManifest.xml:13:17-82
122            <meta-data
122-->[:cloud_firestore] AndroidManifest.xml:11:13-13:85
123                android:name="com.google.firebase.components:io.flutter.plugins.firebase.firestore.FlutterFirebaseFirestoreRegistrar"
123-->[:cloud_firestore] AndroidManifest.xml:12:17-134
124                android:value="com.google.firebase.components.ComponentRegistrar" />
124-->[:cloud_firestore] AndroidManifest.xml:13:17-82
125            <meta-data
125-->[:firebase_auth] AndroidManifest.xml:11:13-13:85
126                android:name="com.google.firebase.components:io.flutter.plugins.firebase.auth.FlutterFirebaseAuthRegistrar"
126-->[:firebase_auth] AndroidManifest.xml:12:17-124
127                android:value="com.google.firebase.components.ComponentRegistrar" />
127-->[:firebase_auth] AndroidManifest.xml:13:17-82
128            <meta-data
128-->[:firebase_storage] AndroidManifest.xml:11:13-13:85
129                android:name="com.google.firebase.components:io.flutter.plugins.firebase.storage.FlutterFirebaseAppRegistrar"
129-->[:firebase_storage] AndroidManifest.xml:12:17-126
130                android:value="com.google.firebase.components.ComponentRegistrar" />
130-->[:firebase_storage] AndroidManifest.xml:13:17-82
131            <meta-data
131-->[:firebase_core] AndroidManifest.xml:11:13-13:85
132                android:name="com.google.firebase.components:io.flutter.plugins.firebase.core.FlutterFirebaseCoreRegistrar"
132-->[:firebase_core] AndroidManifest.xml:12:17-124
133                android:value="com.google.firebase.components.ComponentRegistrar" />
133-->[:firebase_core] AndroidManifest.xml:13:17-82
134            <meta-data
134-->[com.google.firebase:firebase-auth:21.1.0] AndroidManifest.xml:67:13-69:85
135                android:name="com.google.firebase.components:com.google.firebase.auth.FirebaseAuthRegistrar"
135-->[com.google.firebase:firebase-auth:21.1.0] AndroidManifest.xml:68:17-109
136                android:value="com.google.firebase.components.ComponentRegistrar" />
136-->[com.google.firebase:firebase-auth:21.1.0] AndroidManifest.xml:69:17-82
137            <meta-data
137-->[com.google.firebase:firebase-database:20.1.0] AndroidManifest.xml:31:13-33:85
138                android:name="com.google.firebase.components:com.google.firebase.database.DatabaseRegistrar"
138-->[com.google.firebase:firebase-database:20.1.0] AndroidManifest.xml:32:17-109
139                android:value="com.google.firebase.components.ComponentRegistrar" />
139-->[com.google.firebase:firebase-database:20.1.0] AndroidManifest.xml:33:17-82
140            <meta-data
140-->[com.google.firebase:firebase-firestore:24.4.2] AndroidManifest.xml:19:13-21:85
141                android:name="com.google.firebase.components:com.google.firebase.firestore.FirestoreRegistrar"
141-->[com.google.firebase:firebase-firestore:24.4.2] AndroidManifest.xml:20:17-111
142                android:value="com.google.firebase.components.ComponentRegistrar" />
142-->[com.google.firebase:firebase-firestore:24.4.2] AndroidManifest.xml:21:17-82
143            <meta-data
143-->[com.google.firebase:firebase-storage:20.1.0] AndroidManifest.xml:32:13-34:85
144                android:name="com.google.firebase.components:com.google.firebase.storage.StorageRegistrar"
144-->[com.google.firebase:firebase-storage:20.1.0] AndroidManifest.xml:33:17-107
145                android:value="com.google.firebase.components.ComponentRegistrar" />
145-->[com.google.firebase:firebase-storage:20.1.0] AndroidManifest.xml:34:17-82
146            <meta-data
146-->[com.google.android.gms:play-services-measurement-api:21.2.0] AndroidManifest.xml:31:13-33:85
147                android:name="com.google.firebase.components:com.google.firebase.analytics.connector.internal.AnalyticsConnectorRegistrar"
147-->[com.google.android.gms:play-services-measurement-api:21.2.0] AndroidManifest.xml:32:17-139
148                android:value="com.google.firebase.components.ComponentRegistrar" />
148-->[com.google.android.gms:play-services-measurement-api:21.2.0] AndroidManifest.xml:33:17-82
149            <meta-data
149-->[com.google.firebase:firebase-installations:17.1.0] AndroidManifest.xml:17:13-19:85
150                android:name="com.google.firebase.components:com.google.firebase.installations.FirebaseInstallationsRegistrar"
150-->[com.google.firebase:firebase-installations:17.1.0] AndroidManifest.xml:18:17-127
151                android:value="com.google.firebase.components.ComponentRegistrar" />
151-->[com.google.firebase:firebase-installations:17.1.0] AndroidManifest.xml:19:17-82
152        </service>
153
154        <provider
154-->[:image_picker_android] AndroidManifest.xml:10:9-18:20
155            android:name="io.flutter.plugins.imagepicker.ImagePickerFileProvider"
155-->[:image_picker_android] AndroidManifest.xml:11:13-82
156            android:authorities="com.example.doctor_app.flutter.image_provider"
156-->[:image_picker_android] AndroidManifest.xml:12:13-74
157            android:exported="false"
157-->[:image_picker_android] AndroidManifest.xml:13:13-37
158            android:grantUriPermissions="true" >
158-->[:image_picker_android] AndroidManifest.xml:14:13-47
159            <meta-data
159-->[:image_picker_android] AndroidManifest.xml:15:13-17:75
160                android:name="android.support.FILE_PROVIDER_PATHS"
160-->[:image_picker_android] AndroidManifest.xml:16:17-67
161                android:resource="@xml/flutter_image_picker_file_paths" />
161-->[:image_picker_android] AndroidManifest.xml:17:17-72
162        </provider>
163
164        <activity
164-->[:flutter_inappwebview] AndroidManifest.xml:16:9-20:47
165            android:name="com.pichillilorenzo.flutter_inappwebview.in_app_browser.InAppBrowserActivity"
165-->[:flutter_inappwebview] AndroidManifest.xml:17:13-104
166            android:configChanges="orientation|keyboardHidden|keyboard|screenSize|locale|layoutDirection|fontScale|screenLayout|density"
166-->[:flutter_inappwebview] AndroidManifest.xml:18:13-137
167            android:exported="false"
167-->[:flutter_inappwebview] AndroidManifest.xml:19:13-37
168            android:theme="@style/AppTheme" />
168-->[:flutter_inappwebview] AndroidManifest.xml:20:13-44
169        <activity
169-->[:flutter_inappwebview] AndroidManifest.xml:21:9-24:55
170            android:name="com.pichillilorenzo.flutter_inappwebview.chrome_custom_tabs.ChromeCustomTabsActivity"
170-->[:flutter_inappwebview] AndroidManifest.xml:22:13-112
171            android:exported="false"
171-->[:flutter_inappwebview] AndroidManifest.xml:23:13-37
172            android:theme="@style/ThemeTransparent" />
172-->[:flutter_inappwebview] AndroidManifest.xml:24:13-52
173        <activity
173-->[:flutter_inappwebview] AndroidManifest.xml:25:9-28:55
174            android:name="com.pichillilorenzo.flutter_inappwebview.chrome_custom_tabs.TrustedWebActivity"
174-->[:flutter_inappwebview] AndroidManifest.xml:26:13-106
175            android:exported="false"
175-->[:flutter_inappwebview] AndroidManifest.xml:27:13-37
176            android:theme="@style/ThemeTransparent" />
176-->[:flutter_inappwebview] AndroidManifest.xml:28:13-52
177        <activity
177-->[:flutter_inappwebview] AndroidManifest.xml:29:9-33:55
178            android:name="com.pichillilorenzo.flutter_inappwebview.chrome_custom_tabs.ChromeCustomTabsActivitySingleInstance"
178-->[:flutter_inappwebview] AndroidManifest.xml:30:13-126
179            android:exported="false"
179-->[:flutter_inappwebview] AndroidManifest.xml:31:13-37
180            android:launchMode="singleInstance"
180-->[:flutter_inappwebview] AndroidManifest.xml:32:13-48
181            android:theme="@style/ThemeTransparent" />
181-->[:flutter_inappwebview] AndroidManifest.xml:33:13-52
182        <activity
182-->[:flutter_inappwebview] AndroidManifest.xml:34:9-38:55
183            android:name="com.pichillilorenzo.flutter_inappwebview.chrome_custom_tabs.TrustedWebActivitySingleInstance"
183-->[:flutter_inappwebview] AndroidManifest.xml:35:13-120
184            android:exported="false"
184-->[:flutter_inappwebview] AndroidManifest.xml:36:13-37
185            android:launchMode="singleInstance"
185-->[:flutter_inappwebview] AndroidManifest.xml:37:13-48
186            android:theme="@style/ThemeTransparent" />
186-->[:flutter_inappwebview] AndroidManifest.xml:38:13-52
187
188        <receiver
188-->[:flutter_inappwebview] AndroidManifest.xml:40:9-43:40
189            android:name="com.pichillilorenzo.flutter_inappwebview.chrome_custom_tabs.ActionBroadcastReceiver"
189-->[:flutter_inappwebview] AndroidManifest.xml:41:13-111
190            android:enabled="true"
190-->[:flutter_inappwebview] AndroidManifest.xml:42:13-35
191            android:exported="false" />
191-->[:flutter_inappwebview] AndroidManifest.xml:43:13-37
192
193        <meta-data
193-->[:flutter_inappwebview] AndroidManifest.xml:45:9-47:36
194            android:name="io.flutter.embedded_views_preview"
194-->[:flutter_inappwebview] AndroidManifest.xml:46:13-61
195            android:value="true" />
195-->[:flutter_inappwebview] AndroidManifest.xml:47:13-33
196
197        <activity
197-->[com.stripe:paymentsheet:20.16.2] AndroidManifest.xml:10:9-13:69
198            android:name="com.stripe.android.paymentsheet.PaymentSheetActivity"
198-->[com.stripe:paymentsheet:20.16.2] AndroidManifest.xml:11:13-80
199            android:exported="false"
199-->[com.stripe:paymentsheet:20.16.2] AndroidManifest.xml:12:13-37
200            android:theme="@style/StripePaymentSheetDefaultTheme" />
200-->[com.stripe:paymentsheet:20.16.2] AndroidManifest.xml:13:13-66
201        <activity
201-->[com.stripe:paymentsheet:20.16.2] AndroidManifest.xml:14:9-17:69
202            android:name="com.stripe.android.paymentsheet.PaymentOptionsActivity"
202-->[com.stripe:paymentsheet:20.16.2] AndroidManifest.xml:15:13-82
203            android:exported="false"
203-->[com.stripe:paymentsheet:20.16.2] AndroidManifest.xml:16:13-37
204            android:theme="@style/StripePaymentSheetDefaultTheme" />
204-->[com.stripe:paymentsheet:20.16.2] AndroidManifest.xml:17:13-66
205        <activity
205-->[com.stripe:paymentsheet:20.16.2] AndroidManifest.xml:18:9-21:69
206            android:name="com.stripe.android.paymentsheet.addresselement.AddressElementActivity"
206-->[com.stripe:paymentsheet:20.16.2] AndroidManifest.xml:19:13-97
207            android:exported="false"
207-->[com.stripe:paymentsheet:20.16.2] AndroidManifest.xml:20:13-37
208            android:theme="@style/StripePaymentSheetDefaultTheme" />
208-->[com.stripe:paymentsheet:20.16.2] AndroidManifest.xml:21:13-66
209        <activity
209-->[com.stripe:paymentsheet:20.16.2] AndroidManifest.xml:22:9-25:69
210            android:name="com.stripe.android.paymentsheet.paymentdatacollection.polling.PollingActivity"
210-->[com.stripe:paymentsheet:20.16.2] AndroidManifest.xml:23:13-105
211            android:exported="false"
211-->[com.stripe:paymentsheet:20.16.2] AndroidManifest.xml:24:13-37
212            android:theme="@style/StripePaymentSheetDefaultTheme" />
212-->[com.stripe:paymentsheet:20.16.2] AndroidManifest.xml:25:13-66
213        <activity
213-->[com.stripe:link:20.16.2] AndroidManifest.xml:10:9-15:58
214            android:name="com.stripe.android.link.LinkActivity"
214-->[com.stripe:link:20.16.2] AndroidManifest.xml:11:13-64
215            android:exported="false"
215-->[com.stripe:link:20.16.2] AndroidManifest.xml:12:13-37
216            android:label="@string/link"
216-->[com.stripe:link:20.16.2] AndroidManifest.xml:13:13-41
217            android:theme="@style/LinkBaseTheme"
217-->[com.stripe:link:20.16.2] AndroidManifest.xml:14:13-49
218            android:windowSoftInputMode="adjustResize" />
218-->[com.stripe:link:20.16.2] AndroidManifest.xml:15:13-55
219        <activity
219-->[com.stripe:payments-ui-core:20.16.2] AndroidManifest.xml:10:9-13:69
220            android:name="com.stripe.android.ui.core.cardscan.CardScanActivity"
220-->[com.stripe:payments-ui-core:20.16.2] AndroidManifest.xml:11:13-80
221            android:exported="false"
221-->[com.stripe:payments-ui-core:20.16.2] AndroidManifest.xml:12:13-37
222            android:theme="@style/StripePaymentSheetDefaultTheme" />
222-->[com.stripe:payments-ui-core:20.16.2] AndroidManifest.xml:13:13-66
223        <activity
223-->[com.stripe:payments-core:20.16.2] AndroidManifest.xml:17:9-20:57
224            android:name="com.stripe.android.view.AddPaymentMethodActivity"
224-->[com.stripe:payments-core:20.16.2] AndroidManifest.xml:18:13-76
225            android:exported="false"
225-->[com.stripe:payments-core:20.16.2] AndroidManifest.xml:19:13-37
226            android:theme="@style/StripeDefaultTheme" />
226-->[com.stripe:payments-core:20.16.2] AndroidManifest.xml:20:13-54
227        <activity
227-->[com.stripe:payments-core:20.16.2] AndroidManifest.xml:21:9-24:57
228            android:name="com.stripe.android.view.PaymentMethodsActivity"
228-->[com.stripe:payments-core:20.16.2] AndroidManifest.xml:22:13-74
229            android:exported="false"
229-->[com.stripe:payments-core:20.16.2] AndroidManifest.xml:23:13-37
230            android:theme="@style/StripeDefaultTheme" />
230-->[com.stripe:payments-core:20.16.2] AndroidManifest.xml:24:13-54
231        <activity
231-->[com.stripe:payments-core:20.16.2] AndroidManifest.xml:25:9-28:57
232            android:name="com.stripe.android.view.PaymentFlowActivity"
232-->[com.stripe:payments-core:20.16.2] AndroidManifest.xml:26:13-71
233            android:exported="false"
233-->[com.stripe:payments-core:20.16.2] AndroidManifest.xml:27:13-37
234            android:theme="@style/StripeDefaultTheme" />
234-->[com.stripe:payments-core:20.16.2] AndroidManifest.xml:28:13-54
235        <activity
235-->[com.stripe:payments-core:20.16.2] AndroidManifest.xml:29:9-33:58
236            android:name="com.stripe.android.view.PaymentAuthWebViewActivity"
236-->[com.stripe:payments-core:20.16.2] AndroidManifest.xml:30:13-78
237            android:exported="false"
237-->[com.stripe:payments-core:20.16.2] AndroidManifest.xml:31:13-37
238            android:theme="@style/StripeDefaultTheme"
238-->[com.stripe:payments-core:20.16.2] AndroidManifest.xml:32:13-54
239            android:windowSoftInputMode="adjustResize" />
239-->[com.stripe:payments-core:20.16.2] AndroidManifest.xml:33:13-55
240        <activity
240-->[com.stripe:payments-core:20.16.2] AndroidManifest.xml:34:9-37:61
241            android:name="com.stripe.android.view.PaymentRelayActivity"
241-->[com.stripe:payments-core:20.16.2] AndroidManifest.xml:35:13-72
242            android:exported="false"
242-->[com.stripe:payments-core:20.16.2] AndroidManifest.xml:36:13-37
243            android:theme="@style/StripeTransparentTheme" />
243-->[com.stripe:payments-core:20.16.2] AndroidManifest.xml:37:13-58
244        <!--
245        Set android:launchMode="singleTop" so that the StripeBrowserLauncherActivity instance that
246        launched the browser Activity will also handle the return URL deep link.
247        -->
248        <activity
248-->[com.stripe:payments-core:20.16.2] AndroidManifest.xml:43:9-47:61
249            android:name="com.stripe.android.payments.StripeBrowserLauncherActivity"
249-->[com.stripe:payments-core:20.16.2] AndroidManifest.xml:44:13-85
250            android:exported="false"
250-->[com.stripe:payments-core:20.16.2] AndroidManifest.xml:45:13-37
251            android:launchMode="singleTask"
251-->[com.stripe:payments-core:20.16.2] AndroidManifest.xml:46:13-44
252            android:theme="@style/StripeTransparentTheme" />
252-->[com.stripe:payments-core:20.16.2] AndroidManifest.xml:47:13-58
253        <activity
253-->[com.stripe:payments-core:20.16.2] AndroidManifest.xml:48:9-65:20
254            android:name="com.stripe.android.payments.StripeBrowserProxyReturnActivity"
254-->[com.stripe:payments-core:20.16.2] AndroidManifest.xml:49:13-88
255            android:exported="true"
255-->[com.stripe:payments-core:20.16.2] AndroidManifest.xml:50:13-36
256            android:launchMode="singleTask"
256-->[com.stripe:payments-core:20.16.2] AndroidManifest.xml:51:13-44
257            android:theme="@style/StripeTransparentTheme" >
257-->[com.stripe:payments-core:20.16.2] AndroidManifest.xml:52:13-58
258            <intent-filter>
258-->[com.stripe:payments-core:20.16.2] AndroidManifest.xml:53:13-64:29
259                <action android:name="android.intent.action.VIEW" />
259-->[com.stripe:payments-core:20.16.2] AndroidManifest.xml:54:17-69
259-->[com.stripe:payments-core:20.16.2] AndroidManifest.xml:54:25-66
260
261                <category android:name="android.intent.category.DEFAULT" />
261-->[com.stripe:payments-core:20.16.2] AndroidManifest.xml:56:17-76
261-->[com.stripe:payments-core:20.16.2] AndroidManifest.xml:56:27-73
262                <category android:name="android.intent.category.BROWSABLE" />
262-->[com.stripe:payments-core:20.16.2] AndroidManifest.xml:57:17-78
262-->[com.stripe:payments-core:20.16.2] AndroidManifest.xml:57:27-75
263
264                <!-- Must match `DefaultReturnUrl#value`. -->
265                <data
265-->[:file_picker] AndroidManifest.xml:15:13-44
266                    android:host="payment_return_url"
267                    android:path="/com.example.doctor_app"
268                    android:scheme="stripesdk" />
269            </intent-filter>
270        </activity>
271        <activity
271-->[com.stripe:payments-core:20.16.2] AndroidManifest.xml:66:9-69:57
272            android:name="com.stripe.android.payments.core.authentication.threeds2.Stripe3ds2TransactionActivity"
272-->[com.stripe:payments-core:20.16.2] AndroidManifest.xml:67:13-114
273            android:exported="false"
273-->[com.stripe:payments-core:20.16.2] AndroidManifest.xml:68:13-37
274            android:theme="@style/StripeDefaultTheme" />
274-->[com.stripe:payments-core:20.16.2] AndroidManifest.xml:69:13-54
275        <activity
275-->[com.stripe:payments-core:20.16.2] AndroidManifest.xml:70:9-73:66
276            android:name="com.stripe.android.googlepaylauncher.StripeGooglePayActivity"
276-->[com.stripe:payments-core:20.16.2] AndroidManifest.xml:71:13-88
277            android:exported="false"
277-->[com.stripe:payments-core:20.16.2] AndroidManifest.xml:72:13-37
278            android:theme="@style/StripeGooglePayDefaultTheme" />
278-->[com.stripe:payments-core:20.16.2] AndroidManifest.xml:73:13-63
279        <activity